  Capp.cpp
c:\program files (x86)\microsoft directx sdk (june 2010)\include\dxgitype.h(12): warning C4005: 'DXGI_STATUS_OCCLUDED': redefinición de macro
  c:\program files (x86)\windows kits\10\include\10.0.14393.0\shared\winerror.h(52391): note: vea la definición anterior de 'DXGI_STATUS_OCCLUDED'
c:\program files (x86)\microsoft directx sdk (june 2010)\include\dxgitype.h(13): warning C4005: 'DXGI_STATUS_CLIPPED': redefinición de macro
  c:\program files (x86)\windows kits\10\include\10.0.14393.0\shared\winerror.h(52400): note: vea la definición anterior de 'DXGI_STATUS_CLIPPED'
c:\program files (x86)\microsoft directx sdk (june 2010)\include\dxgitype.h(14): warning C4005: 'DXGI_STATUS_NO_REDIRECTION': redefinición de macro
  c:\program files (x86)\windows kits\10\include\10.0.14393.0\shared\winerror.h(52409): note: vea la definición anterior de 'DXGI_STATUS_NO_REDIRECTION'
c:\program files (x86)\microsoft directx sdk (june 2010)\include\dxgitype.h(15): warning C4005: 'DXGI_STATUS_NO_DESKTOP_ACCESS': redefinición de macro
  c:\program files (x86)\windows kits\10\include\10.0.14393.0\shared\winerror.h(52418): note: vea la definición anterior de 'DXGI_STATUS_NO_DESKTOP_ACCESS'
c:\program files (x86)\microsoft directx sdk (june 2010)\include\dxgitype.h(16): warning C4005: 'DXGI_STATUS_GRAPHICS_VIDPN_SOURCE_IN_USE': redefinición de macro
  c:\program files (x86)\windows kits\10\include\10.0.14393.0\shared\winerror.h(52427): note: vea la definición anterior de 'DXGI_STATUS_GRAPHICS_VIDPN_SOURCE_IN_USE'
c:\program files (x86)\microsoft directx sdk (june 2010)\include\dxgitype.h(17): warning C4005: 'DXGI_STATUS_MODE_CHANGED': redefinición de macro
  c:\program files (x86)\windows kits\10\include\10.0.14393.0\shared\winerror.h(52436): note: vea la definición anterior de 'DXGI_STATUS_MODE_CHANGED'
c:\program files (x86)\microsoft directx sdk (june 2010)\include\dxgitype.h(18): warning C4005: 'DXGI_STATUS_MODE_CHANGE_IN_PROGRESS': redefinición de macro
  c:\program files (x86)\windows kits\10\include\10.0.14393.0\shared\winerror.h(52445): note: vea la definición anterior de 'DXGI_STATUS_MODE_CHANGE_IN_PROGRESS'
c:\program files (x86)\microsoft directx sdk (june 2010)\include\dxgitype.h(21): warning C4005: 'DXGI_ERROR_INVALID_CALL': redefinición de macro
  c:\program files (x86)\windows kits\10\include\10.0.14393.0\shared\winerror.h(52460): note: vea la definición anterior de 'DXGI_ERROR_INVALID_CALL'
c:\program files (x86)\microsoft directx sdk (june 2010)\include\dxgitype.h(22): warning C4005: 'DXGI_ERROR_NOT_FOUND': redefinición de macro
  c:\program files (x86)\windows kits\10\include\10.0.14393.0\shared\winerror.h(52469): note: vea la definición anterior de 'DXGI_ERROR_NOT_FOUND'
c:\program files (x86)\microsoft directx sdk (june 2010)\include\dxgitype.h(23): warning C4005: 'DXGI_ERROR_MORE_DATA': redefinición de macro
  c:\program files (x86)\windows kits\10\include\10.0.14393.0\shared\winerror.h(52478): note: vea la definición anterior de 'DXGI_ERROR_MORE_DATA'
c:\program files (x86)\microsoft directx sdk (june 2010)\include\dxgitype.h(24): warning C4005: 'DXGI_ERROR_UNSUPPORTED': redefinición de macro
  c:\program files (x86)\windows kits\10\include\10.0.14393.0\shared\winerror.h(52487): note: vea la definición anterior de 'DXGI_ERROR_UNSUPPORTED'
c:\program files (x86)\microsoft directx sdk (june 2010)\include\dxgitype.h(25): warning C4005: 'DXGI_ERROR_DEVICE_REMOVED': redefinición de macro
  c:\program files (x86)\windows kits\10\include\10.0.14393.0\shared\winerror.h(52496): note: vea la definición anterior de 'DXGI_ERROR_DEVICE_REMOVED'
c:\program files (x86)\microsoft directx sdk (june 2010)\include\dxgitype.h(26): warning C4005: 'DXGI_ERROR_DEVICE_HUNG': redefinición de macro
  c:\program files (x86)\windows kits\10\include\10.0.14393.0\shared\winerror.h(52505): note: vea la definición anterior de 'DXGI_ERROR_DEVICE_HUNG'
c:\program files (x86)\microsoft directx sdk (june 2010)\include\dxgitype.h(27): warning C4005: 'DXGI_ERROR_DEVICE_RESET': redefinición de macro
  c:\program files (x86)\windows kits\10\include\10.0.14393.0\shared\winerror.h(52515): note: vea la definición anterior de 'DXGI_ERROR_DEVICE_RESET'
c:\program files (x86)\microsoft directx sdk (june 2010)\include\dxgitype.h(28): warning C4005: 'DXGI_ERROR_WAS_STILL_DRAWING': redefinición de macro
  c:\program files (x86)\windows kits\10\include\10.0.14393.0\shared\winerror.h(52524): note: vea la definición anterior de 'DXGI_ERROR_WAS_STILL_DRAWING'
c:\program files (x86)\microsoft directx sdk (june 2010)\include\dxgitype.h(29): warning C4005: 'DXGI_ERROR_FRAME_STATISTICS_DISJOINT': redefinición de macro
  c:\program files (x86)\windows kits\10\include\10.0.14393.0\shared\winerror.h(52534): note: vea la definición anterior de 'DXGI_ERROR_FRAME_STATISTICS_DISJOINT'
c:\program files (x86)\microsoft directx sdk (june 2010)\include\dxgitype.h(30): warning C4005: 'DXGI_ERROR_GRAPHICS_VIDPN_SOURCE_IN_USE': redefinición de macro
  c:\program files (x86)\windows kits\10\include\10.0.14393.0\shared\winerror.h(52543): note: vea la definición anterior de 'DXGI_ERROR_GRAPHICS_VIDPN_SOURCE_IN_USE'
c:\program files (x86)\microsoft directx sdk (june 2010)\include\dxgitype.h(31): warning C4005: 'DXGI_ERROR_DRIVER_INTERNAL_ERROR': redefinición de macro
  c:\program files (x86)\windows kits\10\include\10.0.14393.0\shared\winerror.h(52553): note: vea la definición anterior de 'DXGI_ERROR_DRIVER_INTERNAL_ERROR'
c:\program files (x86)\microsoft directx sdk (june 2010)\include\dxgitype.h(32): warning C4005: 'DXGI_ERROR_NONEXCLUSIVE': redefinición de macro
  c:\program files (x86)\windows kits\10\include\10.0.14393.0\shared\winerror.h(52562): note: vea la definición anterior de 'DXGI_ERROR_NONEXCLUSIVE'
c:\program files (x86)\microsoft directx sdk (june 2010)\include\dxgitype.h(33): warning C4005: 'DXGI_ERROR_NOT_CURRENTLY_AVAILABLE': redefinición de macro
  c:\program files (x86)\windows kits\10\include\10.0.14393.0\shared\winerror.h(52571): note: vea la definición anterior de 'DXGI_ERROR_NOT_CURRENTLY_AVAILABLE'
c:\program files (x86)\microsoft directx sdk (june 2010)\include\dxgitype.h(34): warning C4005: 'DXGI_ERROR_REMOTE_CLIENT_DISCONNECTED': redefinición de macro
  c:\program files (x86)\windows kits\10\include\10.0.14393.0\shared\winerror.h(52581): note: vea la definición anterior de 'DXGI_ERROR_REMOTE_CLIENT_DISCONNECTED'
c:\program files (x86)\microsoft directx sdk (june 2010)\include\dxgitype.h(35): warning C4005: 'DXGI_ERROR_REMOTE_OUTOFMEMORY': redefinición de macro
  c:\program files (x86)\windows kits\10\include\10.0.14393.0\shared\winerror.h(52590): note: vea la definición anterior de 'DXGI_ERROR_REMOTE_OUTOFMEMORY'
c:\program files (x86)\microsoft directx sdk (june 2010)\include\d3d11.h(917): warning C4005: 'D3D11_ERROR_TOO_MANY_UNIQUE_STATE_OBJECTS': redefinición de macro
  c:\program files (x86)\windows kits\10\include\10.0.14393.0\shared\winerror.h(52795): note: vea la definición anterior de 'D3D11_ERROR_TOO_MANY_UNIQUE_STATE_OBJECTS'
c:\program files (x86)\microsoft directx sdk (june 2010)\include\d3d11.h(918): warning C4005: 'D3D11_ERROR_FILE_NOT_FOUND': redefinición de macro
  c:\program files (x86)\windows kits\10\include\10.0.14393.0\shared\winerror.h(52804): note: vea la definición anterior de 'D3D11_ERROR_FILE_NOT_FOUND'
c:\program files (x86)\microsoft directx sdk (june 2010)\include\d3d11.h(919): warning C4005: 'D3D11_ERROR_TOO_MANY_UNIQUE_VIEW_OBJECTS': redefinición de macro
  c:\program files (x86)\windows kits\10\include\10.0.14393.0\shared\winerror.h(52814): note: vea la definición anterior de 'D3D11_ERROR_TOO_MANY_UNIQUE_VIEW_OBJECTS'
c:\program files (x86)\microsoft directx sdk (june 2010)\include\d3d11.h(920): warning C4005: 'D3D11_ERROR_DEFERRED_CONTEXT_MAP_WITHOUT_INITIAL_DISCARD': redefinición de macro
  c:\program files (x86)\windows kits\10\include\10.0.14393.0\shared\winerror.h(52823): note: vea la definición anterior de 'D3D11_ERROR_DEFERRED_CONTEXT_MAP_WITHOUT_INITIAL_DISCARD'
c:\program files (x86)\microsoft directx sdk (june 2010)\include\d3d10.h(608): warning C4005: 'D3D10_ERROR_TOO_MANY_UNIQUE_STATE_OBJECTS': redefinición de macro
  c:\program files (x86)\windows kits\10\include\10.0.14393.0\shared\winerror.h(52771): note: vea la definición anterior de 'D3D10_ERROR_TOO_MANY_UNIQUE_STATE_OBJECTS'
c:\program files (x86)\microsoft directx sdk (june 2010)\include\d3d10.h(609): warning C4005: 'D3D10_ERROR_FILE_NOT_FOUND': redefinición de macro
  c:\program files (x86)\windows kits\10\include\10.0.14393.0\shared\winerror.h(52780): note: vea la definición anterior de 'D3D10_ERROR_FILE_NOT_FOUND'
c:\users\lian9\documents\visual studio 2017\projects\directx_window\directx_window\capp.cpp(114): warning C4838: la conversión de 'UINT' en 'LONG' requiere una conversión de restricción
  Generando código...
  Compilando...
  Main.cpp
c:\program files (x86)\microsoft directx sdk (june 2010)\include\dxgitype.h(12): warning C4005: 'DXGI_STATUS_OCCLUDED': redefinición de macro
  c:\program files (x86)\windows kits\10\include\10.0.14393.0\shared\winerror.h(52391): note: vea la definición anterior de 'DXGI_STATUS_OCCLUDED'
c:\program files (x86)\microsoft directx sdk (june 2010)\include\dxgitype.h(13): warning C4005: 'DXGI_STATUS_CLIPPED': redefinición de macro
  c:\program files (x86)\windows kits\10\include\10.0.14393.0\shared\winerror.h(52400): note: vea la definición anterior de 'DXGI_STATUS_CLIPPED'
c:\program files (x86)\microsoft directx sdk (june 2010)\include\dxgitype.h(14): warning C4005: 'DXGI_STATUS_NO_REDIRECTION': redefinición de macro
  c:\program files (x86)\windows kits\10\include\10.0.14393.0\shared\winerror.h(52409): note: vea la definición anterior de 'DXGI_STATUS_NO_REDIRECTION'
c:\program files (x86)\microsoft directx sdk (june 2010)\include\dxgitype.h(15): warning C4005: 'DXGI_STATUS_NO_DESKTOP_ACCESS': redefinición de macro
  c:\program files (x86)\windows kits\10\include\10.0.14393.0\shared\winerror.h(52418): note: vea la definición anterior de 'DXGI_STATUS_NO_DESKTOP_ACCESS'
c:\program files (x86)\microsoft directx sdk (june 2010)\include\dxgitype.h(16): warning C4005: 'DXGI_STATUS_GRAPHICS_VIDPN_SOURCE_IN_USE': redefinición de macro
  c:\program files (x86)\windows kits\10\include\10.0.14393.0\shared\winerror.h(52427): note: vea la definición anterior de 'DXGI_STATUS_GRAPHICS_VIDPN_SOURCE_IN_USE'
c:\program files (x86)\microsoft directx sdk (june 2010)\include\dxgitype.h(17): warning C4005: 'DXGI_STATUS_MODE_CHANGED': redefinición de macro
  c:\program files (x86)\windows kits\10\include\10.0.14393.0\shared\winerror.h(52436): note: vea la definición anterior de 'DXGI_STATUS_MODE_CHANGED'
c:\program files (x86)\microsoft directx sdk (june 2010)\include\dxgitype.h(18): warning C4005: 'DXGI_STATUS_MODE_CHANGE_IN_PROGRESS': redefinición de macro
  c:\program files (x86)\windows kits\10\include\10.0.14393.0\shared\winerror.h(52445): note: vea la definición anterior de 'DXGI_STATUS_MODE_CHANGE_IN_PROGRESS'
c:\program files (x86)\microsoft directx sdk (june 2010)\include\dxgitype.h(21): warning C4005: 'DXGI_ERROR_INVALID_CALL': redefinición de macro
  c:\program files (x86)\windows kits\10\include\10.0.14393.0\shared\winerror.h(52460): note: vea la definición anterior de 'DXGI_ERROR_INVALID_CALL'
c:\program files (x86)\microsoft directx sdk (june 2010)\include\dxgitype.h(22): warning C4005: 'DXGI_ERROR_NOT_FOUND': redefinición de macro
  c:\program files (x86)\windows kits\10\include\10.0.14393.0\shared\winerror.h(52469): note: vea la definición anterior de 'DXGI_ERROR_NOT_FOUND'
c:\program files (x86)\microsoft directx sdk (june 2010)\include\dxgitype.h(23): warning C4005: 'DXGI_ERROR_MORE_DATA': redefinición de macro
  c:\program files (x86)\windows kits\10\include\10.0.14393.0\shared\winerror.h(52478): note: vea la definición anterior de 'DXGI_ERROR_MORE_DATA'
c:\program files (x86)\microsoft directx sdk (june 2010)\include\dxgitype.h(24): warning C4005: 'DXGI_ERROR_UNSUPPORTED': redefinición de macro
  c:\program files (x86)\windows kits\10\include\10.0.14393.0\shared\winerror.h(52487): note: vea la definición anterior de 'DXGI_ERROR_UNSUPPORTED'
c:\program files (x86)\microsoft directx sdk (june 2010)\include\dxgitype.h(25): warning C4005: 'DXGI_ERROR_DEVICE_REMOVED': redefinición de macro
  c:\program files (x86)\windows kits\10\include\10.0.14393.0\shared\winerror.h(52496): note: vea la definición anterior de 'DXGI_ERROR_DEVICE_REMOVED'
c:\program files (x86)\microsoft directx sdk (june 2010)\include\dxgitype.h(26): warning C4005: 'DXGI_ERROR_DEVICE_HUNG': redefinición de macro
  c:\program files (x86)\windows kits\10\include\10.0.14393.0\shared\winerror.h(52505): note: vea la definición anterior de 'DXGI_ERROR_DEVICE_HUNG'
c:\program files (x86)\microsoft directx sdk (june 2010)\include\dxgitype.h(27): warning C4005: 'DXGI_ERROR_DEVICE_RESET': redefinición de macro
  c:\program files (x86)\windows kits\10\include\10.0.14393.0\shared\winerror.h(52515): note: vea la definición anterior de 'DXGI_ERROR_DEVICE_RESET'
c:\program files (x86)\microsoft directx sdk (june 2010)\include\dxgitype.h(28): warning C4005: 'DXGI_ERROR_WAS_STILL_DRAWING': redefinición de macro
  c:\program files (x86)\windows kits\10\include\10.0.14393.0\shared\winerror.h(52524): note: vea la definición anterior de 'DXGI_ERROR_WAS_STILL_DRAWING'
c:\program files (x86)\microsoft directx sdk (june 2010)\include\dxgitype.h(29): warning C4005: 'DXGI_ERROR_FRAME_STATISTICS_DISJOINT': redefinición de macro
  c:\program files (x86)\windows kits\10\include\10.0.14393.0\shared\winerror.h(52534): note: vea la definición anterior de 'DXGI_ERROR_FRAME_STATISTICS_DISJOINT'
c:\program files (x86)\microsoft directx sdk (june 2010)\include\dxgitype.h(30): warning C4005: 'DXGI_ERROR_GRAPHICS_VIDPN_SOURCE_IN_USE': redefinición de macro
  c:\program files (x86)\windows kits\10\include\10.0.14393.0\shared\winerror.h(52543): note: vea la definición anterior de 'DXGI_ERROR_GRAPHICS_VIDPN_SOURCE_IN_USE'
c:\program files (x86)\microsoft directx sdk (june 2010)\include\dxgitype.h(31): warning C4005: 'DXGI_ERROR_DRIVER_INTERNAL_ERROR': redefinición de macro
  c:\program files (x86)\windows kits\10\include\10.0.14393.0\shared\winerror.h(52553): note: vea la definición anterior de 'DXGI_ERROR_DRIVER_INTERNAL_ERROR'
c:\program files (x86)\microsoft directx sdk (june 2010)\include\dxgitype.h(32): warning C4005: 'DXGI_ERROR_NONEXCLUSIVE': redefinición de macro
  c:\program files (x86)\windows kits\10\include\10.0.14393.0\shared\winerror.h(52562): note: vea la definición anterior de 'DXGI_ERROR_NONEXCLUSIVE'
c:\program files (x86)\microsoft directx sdk (june 2010)\include\dxgitype.h(33): warning C4005: 'DXGI_ERROR_NOT_CURRENTLY_AVAILABLE': redefinición de macro
  c:\program files (x86)\windows kits\10\include\10.0.14393.0\shared\winerror.h(52571): note: vea la definición anterior de 'DXGI_ERROR_NOT_CURRENTLY_AVAILABLE'
c:\program files (x86)\microsoft directx sdk (june 2010)\include\dxgitype.h(34): warning C4005: 'DXGI_ERROR_REMOTE_CLIENT_DISCONNECTED': redefinición de macro
  c:\program files (x86)\windows kits\10\include\10.0.14393.0\shared\winerror.h(52581): note: vea la definición anterior de 'DXGI_ERROR_REMOTE_CLIENT_DISCONNECTED'
c:\program files (x86)\microsoft directx sdk (june 2010)\include\dxgitype.h(35): warning C4005: 'DXGI_ERROR_REMOTE_OUTOFMEMORY': redefinición de macro
  c:\program files (x86)\windows kits\10\include\10.0.14393.0\shared\winerror.h(52590): note: vea la definición anterior de 'DXGI_ERROR_REMOTE_OUTOFMEMORY'
c:\program files (x86)\microsoft directx sdk (june 2010)\include\d3d11.h(917): warning C4005: 'D3D11_ERROR_TOO_MANY_UNIQUE_STATE_OBJECTS': redefinición de macro
  c:\program files (x86)\windows kits\10\include\10.0.14393.0\shared\winerror.h(52795): note: vea la definición anterior de 'D3D11_ERROR_TOO_MANY_UNIQUE_STATE_OBJECTS'
c:\program files (x86)\microsoft directx sdk (june 2010)\include\d3d11.h(918): warning C4005: 'D3D11_ERROR_FILE_NOT_FOUND': redefinición de macro
  c:\program files (x86)\windows kits\10\include\10.0.14393.0\shared\winerror.h(52804): note: vea la definición anterior de 'D3D11_ERROR_FILE_NOT_FOUND'
c:\program files (x86)\microsoft directx sdk (june 2010)\include\d3d11.h(919): warning C4005: 'D3D11_ERROR_TOO_MANY_UNIQUE_VIEW_OBJECTS': redefinición de macro
  c:\program files (x86)\windows kits\10\include\10.0.14393.0\shared\winerror.h(52814): note: vea la definición anterior de 'D3D11_ERROR_TOO_MANY_UNIQUE_VIEW_OBJECTS'
c:\program files (x86)\microsoft directx sdk (june 2010)\include\d3d11.h(920): warning C4005: 'D3D11_ERROR_DEFERRED_CONTEXT_MAP_WITHOUT_INITIAL_DISCARD': redefinición de macro
  c:\program files (x86)\windows kits\10\include\10.0.14393.0\shared\winerror.h(52823): note: vea la definición anterior de 'D3D11_ERROR_DEFERRED_CONTEXT_MAP_WITHOUT_INITIAL_DISCARD'
c:\program files (x86)\microsoft directx sdk (june 2010)\include\d3d10.h(608): warning C4005: 'D3D10_ERROR_TOO_MANY_UNIQUE_STATE_OBJECTS': redefinición de macro
  c:\program files (x86)\windows kits\10\include\10.0.14393.0\shared\winerror.h(52771): note: vea la definición anterior de 'D3D10_ERROR_TOO_MANY_UNIQUE_STATE_OBJECTS'
c:\program files (x86)\microsoft directx sdk (june 2010)\include\d3d10.h(609): warning C4005: 'D3D10_ERROR_FILE_NOT_FOUND': redefinición de macro
  c:\program files (x86)\windows kits\10\include\10.0.14393.0\shared\winerror.h(52780): note: vea la definición anterior de 'D3D10_ERROR_FILE_NOT_FOUND'
  CappGraphix.cpp
c:\program files (x86)\microsoft directx sdk (june 2010)\include\dxgitype.h(12): warning C4005: 'DXGI_STATUS_OCCLUDED': redefinición de macro
  c:\program files (x86)\windows kits\10\include\10.0.14393.0\shared\winerror.h(52391): note: vea la definición anterior de 'DXGI_STATUS_OCCLUDED'
c:\program files (x86)\microsoft directx sdk (june 2010)\include\dxgitype.h(13): warning C4005: 'DXGI_STATUS_CLIPPED': redefinición de macro
  c:\program files (x86)\windows kits\10\include\10.0.14393.0\shared\winerror.h(52400): note: vea la definición anterior de 'DXGI_STATUS_CLIPPED'
c:\program files (x86)\microsoft directx sdk (june 2010)\include\dxgitype.h(14): warning C4005: 'DXGI_STATUS_NO_REDIRECTION': redefinición de macro
  c:\program files (x86)\windows kits\10\include\10.0.14393.0\shared\winerror.h(52409): note: vea la definición anterior de 'DXGI_STATUS_NO_REDIRECTION'
c:\program files (x86)\microsoft directx sdk (june 2010)\include\dxgitype.h(15): warning C4005: 'DXGI_STATUS_NO_DESKTOP_ACCESS': redefinición de macro
  c:\program files (x86)\windows kits\10\include\10.0.14393.0\shared\winerror.h(52418): note: vea la definición anterior de 'DXGI_STATUS_NO_DESKTOP_ACCESS'
c:\program files (x86)\microsoft directx sdk (june 2010)\include\dxgitype.h(16): warning C4005: 'DXGI_STATUS_GRAPHICS_VIDPN_SOURCE_IN_USE': redefinición de macro
  c:\program files (x86)\windows kits\10\include\10.0.14393.0\shared\winerror.h(52427): note: vea la definición anterior de 'DXGI_STATUS_GRAPHICS_VIDPN_SOURCE_IN_USE'
c:\program files (x86)\microsoft directx sdk (june 2010)\include\dxgitype.h(17): warning C4005: 'DXGI_STATUS_MODE_CHANGED': redefinición de macro
  c:\program files (x86)\windows kits\10\include\10.0.14393.0\shared\winerror.h(52436): note: vea la definición anterior de 'DXGI_STATUS_MODE_CHANGED'
c:\program files (x86)\microsoft directx sdk (june 2010)\include\dxgitype.h(18): warning C4005: 'DXGI_STATUS_MODE_CHANGE_IN_PROGRESS': redefinición de macro
  c:\program files (x86)\windows kits\10\include\10.0.14393.0\shared\winerror.h(52445): note: vea la definición anterior de 'DXGI_STATUS_MODE_CHANGE_IN_PROGRESS'
c:\program files (x86)\microsoft directx sdk (june 2010)\include\dxgitype.h(21): warning C4005: 'DXGI_ERROR_INVALID_CALL': redefinición de macro
  c:\program files (x86)\windows kits\10\include\10.0.14393.0\shared\winerror.h(52460): note: vea la definición anterior de 'DXGI_ERROR_INVALID_CALL'
c:\program files (x86)\microsoft directx sdk (june 2010)\include\dxgitype.h(22): warning C4005: 'DXGI_ERROR_NOT_FOUND': redefinición de macro
  c:\program files (x86)\windows kits\10\include\10.0.14393.0\shared\winerror.h(52469): note: vea la definición anterior de 'DXGI_ERROR_NOT_FOUND'
c:\program files (x86)\microsoft directx sdk (june 2010)\include\dxgitype.h(23): warning C4005: 'DXGI_ERROR_MORE_DATA': redefinición de macro
  c:\program files (x86)\windows kits\10\include\10.0.14393.0\shared\winerror.h(52478): note: vea la definición anterior de 'DXGI_ERROR_MORE_DATA'
c:\program files (x86)\microsoft directx sdk (june 2010)\include\dxgitype.h(24): warning C4005: 'DXGI_ERROR_UNSUPPORTED': redefinición de macro
  c:\program files (x86)\windows kits\10\include\10.0.14393.0\shared\winerror.h(52487): note: vea la definición anterior de 'DXGI_ERROR_UNSUPPORTED'
c:\program files (x86)\microsoft directx sdk (june 2010)\include\dxgitype.h(25): warning C4005: 'DXGI_ERROR_DEVICE_REMOVED': redefinición de macro
  c:\program files (x86)\windows kits\10\include\10.0.14393.0\shared\winerror.h(52496): note: vea la definición anterior de 'DXGI_ERROR_DEVICE_REMOVED'
c:\program files (x86)\microsoft directx sdk (june 2010)\include\dxgitype.h(26): warning C4005: 'DXGI_ERROR_DEVICE_HUNG': redefinición de macro
  c:\program files (x86)\windows kits\10\include\10.0.14393.0\shared\winerror.h(52505): note: vea la definición anterior de 'DXGI_ERROR_DEVICE_HUNG'
c:\program files (x86)\microsoft directx sdk (june 2010)\include\dxgitype.h(27): warning C4005: 'DXGI_ERROR_DEVICE_RESET': redefinición de macro
  c:\program files (x86)\windows kits\10\include\10.0.14393.0\shared\winerror.h(52515): note: vea la definición anterior de 'DXGI_ERROR_DEVICE_RESET'
c:\program files (x86)\microsoft directx sdk (june 2010)\include\dxgitype.h(28): warning C4005: 'DXGI_ERROR_WAS_STILL_DRAWING': redefinición de macro
  c:\program files (x86)\windows kits\10\include\10.0.14393.0\shared\winerror.h(52524): note: vea la definición anterior de 'DXGI_ERROR_WAS_STILL_DRAWING'
c:\program files (x86)\microsoft directx sdk (june 2010)\include\dxgitype.h(29): warning C4005: 'DXGI_ERROR_FRAME_STATISTICS_DISJOINT': redefinición de macro
  c:\program files (x86)\windows kits\10\include\10.0.14393.0\shared\winerror.h(52534): note: vea la definición anterior de 'DXGI_ERROR_FRAME_STATISTICS_DISJOINT'
c:\program files (x86)\microsoft directx sdk (june 2010)\include\dxgitype.h(30): warning C4005: 'DXGI_ERROR_GRAPHICS_VIDPN_SOURCE_IN_USE': redefinición de macro
  c:\program files (x86)\windows kits\10\include\10.0.14393.0\shared\winerror.h(52543): note: vea la definición anterior de 'DXGI_ERROR_GRAPHICS_VIDPN_SOURCE_IN_USE'
c:\program files (x86)\microsoft directx sdk (june 2010)\include\dxgitype.h(31): warning C4005: 'DXGI_ERROR_DRIVER_INTERNAL_ERROR': redefinición de macro
  c:\program files (x86)\windows kits\10\include\10.0.14393.0\shared\winerror.h(52553): note: vea la definición anterior de 'DXGI_ERROR_DRIVER_INTERNAL_ERROR'
c:\program files (x86)\microsoft directx sdk (june 2010)\include\dxgitype.h(32): warning C4005: 'DXGI_ERROR_NONEXCLUSIVE': redefinición de macro
  c:\program files (x86)\windows kits\10\include\10.0.14393.0\shared\winerror.h(52562): note: vea la definición anterior de 'DXGI_ERROR_NONEXCLUSIVE'
c:\program files (x86)\microsoft directx sdk (june 2010)\include\dxgitype.h(33): warning C4005: 'DXGI_ERROR_NOT_CURRENTLY_AVAILABLE': redefinición de macro
  c:\program files (x86)\windows kits\10\include\10.0.14393.0\shared\winerror.h(52571): note: vea la definición anterior de 'DXGI_ERROR_NOT_CURRENTLY_AVAILABLE'
c:\program files (x86)\microsoft directx sdk (june 2010)\include\dxgitype.h(34): warning C4005: 'DXGI_ERROR_REMOTE_CLIENT_DISCONNECTED': redefinición de macro
  c:\program files (x86)\windows kits\10\include\10.0.14393.0\shared\winerror.h(52581): note: vea la definición anterior de 'DXGI_ERROR_REMOTE_CLIENT_DISCONNECTED'
c:\program files (x86)\microsoft directx sdk (june 2010)\include\dxgitype.h(35): warning C4005: 'DXGI_ERROR_REMOTE_OUTOFMEMORY': redefinición de macro
  c:\program files (x86)\windows kits\10\include\10.0.14393.0\shared\winerror.h(52590): note: vea la definición anterior de 'DXGI_ERROR_REMOTE_OUTOFMEMORY'
c:\program files (x86)\microsoft directx sdk (june 2010)\include\d3d11.h(917): warning C4005: 'D3D11_ERROR_TOO_MANY_UNIQUE_STATE_OBJECTS': redefinición de macro
  c:\program files (x86)\windows kits\10\include\10.0.14393.0\shared\winerror.h(52795): note: vea la definición anterior de 'D3D11_ERROR_TOO_MANY_UNIQUE_STATE_OBJECTS'
c:\program files (x86)\microsoft directx sdk (june 2010)\include\d3d11.h(918): warning C4005: 'D3D11_ERROR_FILE_NOT_FOUND': redefinición de macro
  c:\program files (x86)\windows kits\10\include\10.0.14393.0\shared\winerror.h(52804): note: vea la definición anterior de 'D3D11_ERROR_FILE_NOT_FOUND'
c:\program files (x86)\microsoft directx sdk (june 2010)\include\d3d11.h(919): warning C4005: 'D3D11_ERROR_TOO_MANY_UNIQUE_VIEW_OBJECTS': redefinición de macro
  c:\program files (x86)\windows kits\10\include\10.0.14393.0\shared\winerror.h(52814): note: vea la definición anterior de 'D3D11_ERROR_TOO_MANY_UNIQUE_VIEW_OBJECTS'
c:\program files (x86)\microsoft directx sdk (june 2010)\include\d3d11.h(920): warning C4005: 'D3D11_ERROR_DEFERRED_CONTEXT_MAP_WITHOUT_INITIAL_DISCARD': redefinición de macro
  c:\program files (x86)\windows kits\10\include\10.0.14393.0\shared\winerror.h(52823): note: vea la definición anterior de 'D3D11_ERROR_DEFERRED_CONTEXT_MAP_WITHOUT_INITIAL_DISCARD'
c:\program files (x86)\microsoft directx sdk (june 2010)\include\d3d10.h(608): warning C4005: 'D3D10_ERROR_TOO_MANY_UNIQUE_STATE_OBJECTS': redefinición de macro
  c:\program files (x86)\windows kits\10\include\10.0.14393.0\shared\winerror.h(52771): note: vea la definición anterior de 'D3D10_ERROR_TOO_MANY_UNIQUE_STATE_OBJECTS'
c:\program files (x86)\microsoft directx sdk (june 2010)\include\d3d10.h(609): warning C4005: 'D3D10_ERROR_FILE_NOT_FOUND': redefinición de macro
  c:\program files (x86)\windows kits\10\include\10.0.14393.0\shared\winerror.h(52780): note: vea la definición anterior de 'D3D10_ERROR_FILE_NOT_FOUND'
  Generando código...
  Directx_window.vcxproj -> C:\Users\Lian9\Documents\Visual Studio 2017\Projects\Directx_window\Debug\Directx_window.exe
  Directx_window.vcxproj -> C:\Users\Lian9\Documents\Visual Studio 2017\Projects\Directx_window\Debug\Directx_window.pdb (Partial PDB)
